1608332900469	geckodriver	INFO	Listening on 127.0.0.1:4444
1608332900803	mozrunner::runner	INFO	Running command: "C:\\Program Files\\Mozilla Firefox\\firefox.exe" "--marionette" "-foreground" "-no-remote" "-profile" "C:\\Users\\FLOR~1.RAD\\AppData\\Local\\Temp\\rust_mozprofile8qsJir"
console.error: JsonSchemaValidator.jsm: 
  Array expected but not received
console.error: Enterprise Policies: 
  Invalid parameters specified for Extensions.
Can't find symbol 'eglSwapBuffersWithDamageEXT'.
Can't find symbol 'eglSetDamageRegionKHR'.
console.warn: SearchSettings: "get: No settings file exists, new profile?" (new Error("", "(unknown module)"))
1608332903202	Marionette	INFO	Listening on port 65335
Can't find symbol 'eglSwapBuffersWithDamageEXT'.
Can't find symbol 'eglSetDamageRegionKHR'.
JavaScript error: https://www.microsoft.com/en-us/, line 63: Error: Script error for "https://www.microsoft.com/library/svy/broker.js"
http://requirejs.org/docs/errors.html#scripterror
JavaScript error: https://www.microsoft.com/en-us/, line 63: Error: Script error for "https://cdnssl.clicktale.net/www32/ptc/755cc4ab-c4bf-46d8-a608-d3c5d66fabac.js"
http://requirejs.org/docs/errors.html#scripterror
JavaScript error: https://www.microsoft.com/en-us/, line 63: Error: Script error for "//www.microsoft.com/onerfstatics/marketingsites-wcus-prod/_h/9ae23327/mscom.statics/externalscripts/mscomhp/audiencemanager.js"
http://requirejs.org/docs/errors.html#scripterror
JavaScript error: , line 0: NotFoundError: No such JSWindowActor 'MarionetteEvents'
1608332918655	Marionette	INFO	Stopped listening on port 65335
JavaScript error: https://www.microsoft.com/en-us/search?q=Studio, line 49: Error: Script error for "telem"
http://requirejs.org/docs/errors.html#scripterror
JavaScript error: https://www.microsoft.com/en-us/search?q=Studio, line 49: Error: Script error for "partner"
http://requirejs.org/docs/errors.html#scripterror

###!!! [Child][RunMessage] Error: Channel closing: too late to send/recv, messages will be lost

